
**** Build of configuration Release for project basic_motors ****

make all 
Building file: /Users/imaveek/SensorFly/libraries/zigduino/CDC.cpp
Invoking: AVR C++ Compiler
avr-g++ -I"/Users/imaveek/SensorFly/libraries/zigduino" -I"/Users/imaveek/SensorFly/libraries/SPI" -I"/Users/imaveek/SensorFly/libraries/Wire" -I"/Users/imaveek/SensorFly/libraries/I2Cdev" -I"/Users/imaveek/SensorFly/libraries/MPU6050" -I"/Users/imaveek/SensorFly/libraries/Wire/utility" -I"/Users/imaveek/SensorFly/libraries/ZigduinoRadio" -I"/Users/imaveek/SensorFly/libraries/Timers" -I"/Users/imaveek/SensorFly/libraries/ZigduinoRadio/boards" -I"/Users/imaveek/SensorFly/libraries/HMC5883L" -Wall -Os -ffunction-sections -fdata-sections -funsigned-char -funsigned-bitfields -fno-exceptions --pedantic -c -mmcu=atmega128rfa1 -DF_CPU=16000000UL -MMD -MP -MF"libraries/zigduino/CDC.d" -MT"libraries/zigduino/CDC.d" -c -o "libraries/zigduino/CDC.o" "/Users/imaveek/SensorFly/libraries/zigduino/CDC.cpp"
In file included from /Users/imaveek/SensorFly/libraries/zigduino/Platform.h:15,
                 from /Users/imaveek/SensorFly/libraries/zigduino/CDC.cpp:19:
/Users/imaveek/SensorFly/libraries/zigduino/Arduino.h:191:14: warning: anonymous variadic macros were introduced in C99
In file included from /Users/imaveek/SensorFly/libraries/zigduino/Platform.h:15,
                 from /Users/imaveek/SensorFly/libraries/zigduino/HID.cpp:19:
/Users/imaveek/SensorFly/libraries/zigduino/Arduino.h:191:14: warning: anonymous variadic macros were introduced in C99
In file included from /Users/imaveek/SensorFly/libraries/zigduino/HardwareSerial.cpp:27:
/Users/imaveek/SensorFly/libraries/zigduino/Arduino.h:191:14: warning: anonymous variadic macros were introduced in C99
In file included from /Users/imaveek/SensorFly/libraries/zigduino/IPAddress.cpp:2:
/Users/imaveek/SensorFly/libraries/zigduino/Arduino.h:191:14: warning: anonymous variadic macros were introduced in C99
Finished building: /Users/imaveek/SensorFly/libraries/zigduino/CDC.cpp
 
Building file: /Users/imaveek/SensorFly/libraries/zigduino/HID.cpp
Invoking: AVR C++ Compiler
avr-g++ -I"/Users/imaveek/SensorFly/libraries/zigduino" -I"/Users/imaveek/SensorFly/libraries/SPI" -I"/Users/imaveek/SensorFly/libraries/Wire" -I"/Users/imaveek/SensorFly/libraries/I2Cdev" -I"/Users/imaveek/SensorFly/libraries/MPU6050" -I"/Users/imaveek/SensorFly/libraries/Wire/utility" -I"/Users/imaveek/SensorFly/libraries/ZigduinoRadio" -I"/Users/imaveek/SensorFly/libraries/Timers" -I"/Users/imaveek/SensorFly/libraries/ZigduinoRadio/boards" -I"/Users/imaveek/SensorFly/libraries/HMC5883L" -Wall -Os -ffunction-sections -fdata-sections -funsigned-char -funsigned-bitfields -fno-exceptions --pedantic -c -mmcu=atmega128rfa1 -DF_CPU=16000000UL -MMD -MP -MF"libraries/zigduino/HID.d" -MT"libraries/zigduino/HID.d" -c -o "libraries/zigduino/HID.o" "/Users/imaveek/SensorFly/libraries/zigduino/HID.cpp"
Finished building: /Users/imaveek/SensorFly/libraries/zigduino/HID.cpp
 
Building file: /Users/imaveek/SensorFly/libraries/zigduino/HardwareSerial.cpp
Invoking: AVR C++ Compiler
avr-g++ -I"/Users/imaveek/SensorFly/libraries/zigduino" -I"/Users/imaveek/SensorFly/libraries/SPI" -I"/Users/imaveek/SensorFly/libraries/Wire" -I"/Users/imaveek/SensorFly/libraries/I2Cdev" -I"/Users/imaveek/SensorFly/libraries/MPU6050" -I"/Users/imaveek/SensorFly/libraries/Wire/utility" -I"/Users/imaveek/SensorFly/libraries/ZigduinoRadio" -I"/Users/imaveek/SensorFly/libraries/Timers" -I"/Users/imaveek/SensorFly/libraries/ZigduinoRadio/boards" -I"/Users/imaveek/SensorFly/libraries/HMC5883L" -Wall -Os -ffunction-sections -fdata-sections -funsigned-char -funsigned-bitfields -fno-exceptions --pedantic -c -mmcu=atmega128rfa1 -DF_CPU=16000000UL -MMD -MP -MF"libraries/zigduino/HardwareSerial.d" -MT"libraries/zigduino/HardwareSerial.d" -c -o "libraries/zigduino/HardwareSerial.o" "/Users/imaveek/SensorFly/libraries/zigduino/HardwareSerial.cpp"
In file included from /Users/imaveek/SensorFly/libraries/zigduino/Print.cpp:26:
/Users/imaveek/SensorFly/libraries/zigduino/Arduino.h:191:14: warning: anonymous variadic macros were introduced in C99
In file included from /Users/imaveek/SensorFly/libraries/zigduino/Stream.cpp:23:
/Users/imaveek/SensorFly/libraries/zigduino/Arduino.h:191:14: warning: anonymous variadic macros were introduced in C99
In file included from /Users/imaveek/SensorFly/libraries/zigduino/Tone.cpp:36:
/Users/imaveek/SensorFly/libraries/zigduino/Arduino.h:191:14: warning: anonymous variadic macros were introduced in C99
/Users/imaveek/SensorFly/libraries/zigduino/Tone.cpp:239:27: warning: binary constants are a GCC extension
/Users/imaveek/SensorFly/libraries/zigduino/Tone.cpp:255:23: warning: binary constants are a GCC extension
/Users/imaveek/SensorFly/libraries/zigduino/Tone.cpp:259:25: warning: binary constants are a GCC extension
/Users/imaveek/SensorFly/libraries/zigduino/Tone.cpp:264:27: warning: binary constants are a GCC extension
/Users/imaveek/SensorFly/libraries/zigduino/Tone.cpp:270:41: warning: binary constants are a GCC extension
/Users/imaveek/SensorFly/libraries/zigduino/Tone.cpp:270:49: warning: binary constants are a GCC extension
/Users/imaveek/SensorFly/libraries/zigduino/Tone.cpp:275:29: warning: binary constants are a GCC extension
/Users/imaveek/SensorFly/libraries/zigduino/Tone.cpp:281:43: warning: binary constants are a GCC extension
/Users/imaveek/SensorFly/libraries/zigduino/Tone.cpp:281:51: warning: binary constants are a GCC extension
/Users/imaveek/SensorFly/libraries/zigduino/Tone.cpp:286:45: warning: binary constants are a GCC extension
/Users/imaveek/SensorFly/libraries/zigduino/Tone.cpp:286:53: warning: binary constants are a GCC extension
/Users/imaveek/SensorFly/libraries/zigduino/Tone.cpp:314:23: warning: binary constants are a GCC extension
/Users/imaveek/SensorFly/libraries/zigduino/Tone.cpp:318:25: warning: binary constants are a GCC extension
/Users/imaveek/SensorFly/libraries/zigduino/Tone.cpp:324:28: warning: binary constants are a GCC extension
/Users/imaveek/SensorFly/libraries/zigduino/Tone.cpp:329:28: warning: binary constants are a GCC extension
/Users/imaveek/SensorFly/libraries/zigduino/Tone.cpp:333:28: warning: binary constants are a GCC extension
/Users/imaveek/SensorFly/libraries/zigduino/Tone.cpp:337:28: warning: binary constants are a GCC extension
/Users/imaveek/SensorFly/libraries/zigduino/Tone.cpp:446:28: warning: binary constants are a GCC extension
/Users/imaveek/SensorFly/libraries/zigduino/Tone.cpp:100: warning: only initialized variables can be placed into program memory area
In file included from /Users/imaveek/SensorFly/libraries/zigduino/Platform.h:15,
                 from /Users/imaveek/SensorFly/libraries/zigduino/USBCore.cpp:19:
Finished building: /Users/imaveek/SensorFly/libraries/zigduino/HardwareSerial.cpp
 
/Users/imaveek/SensorFly/libraries/zigduino/Arduino.h:191:14: warning: anonymous variadic macros were introduced in C99
Building file: /Users/imaveek/SensorFly/libraries/zigduino/IPAddress.cpp
Invoking: AVR C++ Compiler
avr-g++ -I"/Users/imaveek/SensorFly/libraries/zigduino" -I"/Users/imaveek/SensorFly/libraries/SPI" -I"/Users/imaveek/SensorFly/libraries/Wire" -I"/Users/imaveek/SensorFly/libraries/I2Cdev" -I"/Users/imaveek/SensorFly/libraries/MPU6050" -I"/Users/imaveek/SensorFly/libraries/Wire/utility" -I"/Users/imaveek/SensorFly/libraries/ZigduinoRadio" -I"/Users/imaveek/SensorFly/libraries/Timers" -I"/Users/imaveek/SensorFly/libraries/ZigduinoRadio/boards" -I"/Users/imaveek/SensorFly/libraries/HMC5883L" -Wall -Os -ffunction-sections -fdata-sections -funsigned-char -funsigned-bitfields -fno-exceptions --pedantic -c -mmcu=atmega128rfa1 -DF_CPU=16000000UL -MMD -MP -MF"libraries/zigduino/IPAddress.d" -MT"libraries/zigduino/IPAddress.d" -c -o "libraries/zigduino/IPAddress.o" "/Users/imaveek/SensorFly/libraries/zigduino/IPAddress.cpp"
In file included from /Users/imaveek/SensorFly/libraries/ZigduinoRadio/radio.h:42,
Finished building: /Users/imaveek/SensorFly/libraries/zigduino/IPAddress.cpp
 
                 from /Users/imaveek/SensorFly/libraries/ZigduinoRadio/ZigduinoRadioEvents.c:30:
/Users/imaveek/SensorFly/libraries/ZigduinoRadio/const.h:189: warning: type of bit-field 'txp' is a GCC extension
/Users/imaveek/SensorFly/libraries/ZigduinoRadio/const.h:191: warning: type of bit-field 'cca' is a GCC extension
Building file: /Users/imaveek/SensorFly/libraries/zigduino/Print.cpp
/Users/imaveek/SensorFly/libraries/ZigduinoRadio/const.h:193: warning: type of bit-field 'edt' is a GCC extension
/Users/imaveek/SensorFly/libraries/ZigduinoRadio/const.h:196: warning: type of bit-field 'clkm' is a GCC extension
Invoking: AVR C++ Compiler
avr-g++ -I"/Users/imaveek/SensorFly/libraries/zigduino" -I"/Users/imaveek/SensorFly/libraries/SPI" -I"/Users/imaveek/SensorFly/libraries/Wire" -I"/Users/imaveek/SensorFly/libraries/I2Cdev" -I"/Users/imaveek/SensorFly/libraries/MPU6050" -I"/Users/imaveek/SensorFly/libraries/Wire/utility" -I"/Users/imaveek/SensorFly/libraries/ZigduinoRadio" -I"/Users/imaveek/SensorFly/libraries/Timers" -I"/Users/imaveek/SensorFly/libraries/ZigduinoRadio/boards" -I"/Users/imaveek/SensorFly/libraries/HMC5883L" -Wall -Os -ffunction-sections -fdata-sections -funsigned-char -funsigned-bitfields -fno-exceptions --pedantic -c -mmcu=atmega128rfa1 -DF_CPU=16000000UL -MMD -MP -MF"libraries/zigduino/Print.d" -MT"libraries/zigduino/Print.d" -c -o "libraries/zigduino/Print.o" "/Users/imaveek/SensorFly/libraries/zigduino/Print.cpp"
/Users/imaveek/SensorFly/libraries/ZigduinoRadio/ZigduinoRadioEvents.c: In function 'zr_attach_receive_frame':
/Users/imaveek/SensorFly/libraries/ZigduinoRadio/ZigduinoRadioEvents.c:72: warning: assignment from incompatible pointer type
In file included from /Users/imaveek/SensorFly/libraries/ZigduinoRadio/radio.h:42,
Finished building: /Users/imaveek/SensorFly/libraries/zigduino/Print.cpp
 
Building file: /Users/imaveek/SensorFly/libraries/zigduino/Stream.cpp
Invoking: AVR C++ Compiler
avr-g++ -I"/Users/imaveek/SensorFly/libraries/zigduino" -I"/Users/imaveek/SensorFly/libraries/SPI" -I"/Users/imaveek/SensorFly/libraries/Wire" -I"/Users/imaveek/SensorFly/libraries/I2Cdev" -I"/Users/imaveek/SensorFly/libraries/MPU6050" -I"/Users/imaveek/SensorFly/libraries/Wire/utility" -I"/Users/imaveek/SensorFly/libraries/ZigduinoRadio" -I"/Users/imaveek/SensorFly/libraries/Timers" -I"/Users/imaveek/SensorFly/libraries/ZigduinoRadio/boards" -I"/Users/imaveek/SensorFly/libraries/HMC5883L" -Wall -Os -ffunction-sections -fdata-sections -funsigned-char -funsigned-bitfields -fno-exceptions --pedantic -c -mmcu=atmega128rfa1 -DF_CPU=16000000UL -MMD -MP -MF"libraries/zigduino/Stream.d" -MT"libraries/zigduino/Stream.d" -c -o "libraries/zigduino/Stream.o" "/Users/imaveek/SensorFly/libraries/zigduino/Stream.cpp"
                 from /Users/imaveek/SensorFly/libraries/ZigduinoRadio/ZigduinoRadioInC.h:33,
Finished building: /Users/imaveek/SensorFly/libraries/zigduino/Stream.cpp
 
Building file: /Users/imaveek/SensorFly/libraries/zigduino/Tone.cpp
Invoking: AVR C++ Compiler
                 from /Users/imaveek/SensorFly/libraries/ZigduinoRadio/ZigduinoRadioInC.c:29:
/Users/imaveek/SensorFly/libraries/ZigduinoRadio/const.h:189: warning: type of bit-field 'txp' is a GCC extension
avr-g++ -I"/Users/imaveek/SensorFly/libraries/zigduino" -I"/Users/imaveek/SensorFly/libraries/SPI" -I"/Users/imaveek/SensorFly/libraries/Wire" -I"/Users/imaveek/SensorFly/libraries/I2Cdev" -I"/Users/imaveek/SensorFly/libraries/MPU6050" -I"/Users/imaveek/SensorFly/libraries/Wire/utility" -I"/Users/imaveek/SensorFly/libraries/ZigduinoRadio" -I"/Users/imaveek/SensorFly/libraries/Timers" -I"/Users/imaveek/SensorFly/libraries/ZigduinoRadio/boards" -I"/Users/imaveek/SensorFly/libraries/HMC5883L" -Wall -Os -ffunction-sections -fdata-sections -funsigned-char -funsigned-bitfields -fno-exceptions --pedantic -c -mmcu=atmega128rfa1 -DF_CPU=16000000UL -MMD -MP -MF"libraries/zigduino/Tone.d" -MT"libraries/zigduino/Tone.d" -c -o "libraries/zigduino/Tone.o" "/Users/imaveek/SensorFly/libraries/zigduino/Tone.cpp"
/Users/imaveek/SensorFly/libraries/ZigduinoRadio/const.h:191: warning: type of bit-field 'cca' is a GCC extension
/Users/imaveek/SensorFly/libraries/ZigduinoRadio/const.h:193: warning: type of bit-field 'edt' is a GCC extension
Finished building: /Users/imaveek/SensorFly/libraries/zigduino/Tone.cpp
 
/Users/imaveek/SensorFly/libraries/ZigduinoRadio/const.h:196: warning: type of bit-field 'clkm' is a GCC extension
Building file: /Users/imaveek/SensorFly/libraries/zigduino/USBCore.cpp
/Users/imaveek/SensorFly/libraries/ZigduinoRadio/ZigduinoRadioInC.c: In function 'zr_onReceiveFrame':
Invoking: AVR C++ Compiler
/Users/imaveek/SensorFly/libraries/ZigduinoRadio/ZigduinoRadioInC.c:259: warning: no return statement in function returning non-void
avr-g++ -I"/Users/imaveek/SensorFly/libraries/zigduino" -I"/Users/imaveek/SensorFly/libraries/SPI" -I"/Users/imaveek/SensorFly/libraries/Wire" -I"/Users/imaveek/SensorFly/libraries/I2Cdev" -I"/Users/imaveek/SensorFly/libraries/MPU6050" -I"/Users/imaveek/SensorFly/libraries/Wire/utility" -I"/Users/imaveek/SensorFly/libraries/ZigduinoRadio" -I"/Users/imaveek/SensorFly/libraries/Timers" -I"/Users/imaveek/SensorFly/libraries/ZigduinoRadio/boards" -I"/Users/imaveek/SensorFly/libraries/HMC5883L" -Wall -Os -ffunction-sections -fdata-sections -funsigned-char -funsigned-bitfields -fno-exceptions --pedantic -c -mmcu=atmega128rfa1 -DF_CPU=16000000UL -MMD -MP -MF"libraries/zigduino/USBCore.d" -MT"libraries/zigduino/USBCore.d" -c -o "libraries/zigduino/USBCore.o" "/Users/imaveek/SensorFly/libraries/zigduino/USBCore.cpp"
Finished building: /Users/imaveek/SensorFly/libraries/zigduino/USBCore.cpp
 
Building file: /Users/imaveek/SensorFly/libraries/zigduino/WInterrupts.c
Invoking: AVR Compiler
avr-gcc -I"/Users/imaveek/SensorFly/libraries/zigduino" -I"/Users/imaveek/SensorFly/libraries/ZigduinoRadio" -I"/Users/imaveek/SensorFly/libraries/ZigduinoRadio/boards" -I"/Users/imaveek/SensorFly/libraries/SPI" -I"/Users/imaveek/SensorFly/libraries/Wire" -I"/Users/imaveek/SensorFly/libraries/I2Cdev" -I"/Users/imaveek/SensorFly/libraries/Timers" -I"/Users/imaveek/SensorFly/libraries/MPU6050" -I"/Users/imaveek/SensorFly/libraries/Wire/utility" -I"/Users/imaveek/SensorFly/libraries/HMC5883L" -Wall -Os -ffunction-sections -fdata-sections -std=gnu99 --pedantic -c -mmcu=atmega128rfa1 -DF_CPU=16000000UL -MMD -MP -MF"libraries/zigduino/WInterrupts.d" -MT"libraries/zigduino/WInterrupts.d" -c -o "libraries/zigduino/WInterrupts.o" "/Users/imaveek/SensorFly/libraries/zigduino/WInterrupts.c"
Finished building: /Users/imaveek/SensorFly/libraries/zigduino/WInterrupts.c
 
Building file: /Users/imaveek/SensorFly/libraries/zigduino/WMath.cpp
Invoking: AVR C++ Compiler
avr-g++ -I"/Users/imaveek/SensorFly/libraries/zigduino" -I"/Users/imaveek/SensorFly/libraries/SPI" -I"/Users/imaveek/SensorFly/libraries/Wire" -I"/Users/imaveek/SensorFly/libraries/I2Cdev" -I"/Users/imaveek/SensorFly/libraries/MPU6050" -I"/Users/imaveek/SensorFly/libraries/Wire/utility" -I"/Users/imaveek/SensorFly/libraries/ZigduinoRadio" -I"/Users/imaveek/SensorFly/libraries/Timers" -I"/Users/imaveek/SensorFly/libraries/ZigduinoRadio/boards" -I"/Users/imaveek/SensorFly/libraries/HMC5883L" -Wall -Os -ffunction-sections -fdata-sections -funsigned-char -funsigned-bitfields -fno-exceptions --pedantic -c -mmcu=atmega128rfa1 -DF_CPU=16000000UL -MMD -MP -MF"libraries/zigduino/WMath.d" -MT"libraries/zigduino/WMath.d" -c -o "libraries/zigduino/WMath.o" "/Users/imaveek/SensorFly/libraries/zigduino/WMath.cpp"
Finished building: /Users/imaveek/SensorFly/libraries/zigduino/WMath.cpp
 
Building file: /Users/imaveek/SensorFly/libraries/zigduino/WString.cpp
Invoking: AVR C++ Compiler
avr-g++ -I"/Users/imaveek/SensorFly/libraries/zigduino" -I"/Users/imaveek/SensorFly/libraries/SPI" -I"/Users/imaveek/SensorFly/libraries/Wire" -I"/Users/imaveek/SensorFly/libraries/I2Cdev" -I"/Users/imaveek/SensorFly/libraries/MPU6050" -I"/Users/imaveek/SensorFly/libraries/Wire/utility" -I"/Users/imaveek/SensorFly/libraries/ZigduinoRadio" -I"/Users/imaveek/SensorFly/libraries/Timers" -I"/Users/imaveek/SensorFly/libraries/ZigduinoRadio/boards" -I"/Users/imaveek/SensorFly/libraries/HMC5883L" -Wall -Os -ffunction-sections -fdata-sections -funsigned-char -funsigned-bitfields -fno-exceptions --pedantic -c -mmcu=atmega128rfa1 -DF_CPU=16000000UL -MMD -MP -MF"libraries/zigduino/WString.d" -MT"libraries/zigduino/WString.d" -c -o "libraries/zigduino/WString.o" "/Users/imaveek/SensorFly/libraries/zigduino/WString.cpp"
Finished building: /Users/imaveek/SensorFly/libraries/zigduino/WString.cpp
 
Building file: /Users/imaveek/SensorFly/libraries/zigduino/new.cpp
Invoking: AVR C++ Compiler
avr-g++ -I"/Users/imaveek/SensorFly/libraries/zigduino" -I"/Users/imaveek/SensorFly/libraries/SPI" -I"/Users/imaveek/SensorFly/libraries/Wire" -I"/Users/imaveek/SensorFly/libraries/I2Cdev" -I"/Users/imaveek/SensorFly/libraries/MPU6050" -I"/Users/imaveek/SensorFly/libraries/Wire/utility" -I"/Users/imaveek/SensorFly/libraries/ZigduinoRadio" -I"/Users/imaveek/SensorFly/libraries/Timers" -I"/Users/imaveek/SensorFly/libraries/ZigduinoRadio/boards" -I"/Users/imaveek/SensorFly/libraries/HMC5883L" -Wall -Os -ffunction-sections -fdata-sections -funsigned-char -funsigned-bitfields -fno-exceptions --pedantic -c -mmcu=atmega128rfa1 -DF_CPU=16000000UL -MMD -MP -MF"libraries/zigduino/new.d" -MT"libraries/zigduino/new.d" -c -o "libraries/zigduino/new.o" "/Users/imaveek/SensorFly/libraries/zigduino/new.cpp"
Finished building: /Users/imaveek/SensorFly/libraries/zigduino/new.cpp
 
Building file: /Users/imaveek/SensorFly/libraries/zigduino/wiring.c
Invoking: AVR Compiler
avr-gcc -I"/Users/imaveek/SensorFly/libraries/zigduino" -I"/Users/imaveek/SensorFly/libraries/ZigduinoRadio" -I"/Users/imaveek/SensorFly/libraries/ZigduinoRadio/boards" -I"/Users/imaveek/SensorFly/libraries/SPI" -I"/Users/imaveek/SensorFly/libraries/Wire" -I"/Users/imaveek/SensorFly/libraries/I2Cdev" -I"/Users/imaveek/SensorFly/libraries/Timers" -I"/Users/imaveek/SensorFly/libraries/MPU6050" -I"/Users/imaveek/SensorFly/libraries/Wire/utility" -I"/Users/imaveek/SensorFly/libraries/HMC5883L" -Wall -Os -ffunction-sections -fdata-sections -std=gnu99 --pedantic -c -mmcu=atmega128rfa1 -DF_CPU=16000000UL -MMD -MP -MF"libraries/zigduino/wiring.d" -MT"libraries/zigduino/wiring.d" -c -o "libraries/zigduino/wiring.o" "/Users/imaveek/SensorFly/libraries/zigduino/wiring.c"
In file included from /Users/imaveek/SensorFly/libraries/ZigduinoRadio/radio.h:42,
                 from /Users/imaveek/SensorFly/libraries/ZigduinoRadio/radio_rfa.c:42:
/Users/imaveek/SensorFly/libraries/ZigduinoRadio/const.h:189: warning: type of bit-field 'txp' is a GCC extension
/Users/imaveek/SensorFly/libraries/ZigduinoRadio/const.h:191: warning: type of bit-field 'cca' is a GCC extension
/Users/imaveek/SensorFly/libraries/ZigduinoRadio/const.h:193: warning: type of bit-field 'edt' is a GCC extension
/Users/imaveek/SensorFly/libraries/ZigduinoRadio/const.h:196: warning: type of bit-field 'clkm' is a GCC extension
In file included from /Users/imaveek/SensorFly/libraries/ZigduinoRadio/board.h:51,
                 from /Users/imaveek/SensorFly/libraries/ZigduinoRadio/trx_datarate.c:40:
/Users/imaveek/SensorFly/libraries/ZigduinoRadio/const.h:189: warning: type of bit-field 'txp' is a GCC extension
/Users/imaveek/SensorFly/libraries/ZigduinoRadio/const.h:191: warning: type of bit-field 'cca' is a GCC extension
/Users/imaveek/SensorFly/libraries/ZigduinoRadio/const.h:193: warning: type of bit-field 'edt' is a GCC extension
/Users/imaveek/SensorFly/libraries/ZigduinoRadio/const.h:196: warning: type of bit-field 'clkm' is a GCC extension
In file included from /Users/imaveek/SensorFly/libraries/ZigduinoRadio/board.h:51,
                 from /Users/imaveek/SensorFly/libraries/ZigduinoRadio/trx_datarate_str.c:39:
/Users/imaveek/SensorFly/libraries/ZigduinoRadio/const.h:189: warning: type of bit-field 'txp' is a GCC extension
/Users/imaveek/SensorFly/libraries/ZigduinoRadio/const.h:191: warning: type of bit-field 'cca' is a GCC extension
/Users/imaveek/SensorFly/libraries/ZigduinoRadio/const.h:193: warning: type of bit-field 'edt' is a GCC extension
/Users/imaveek/SensorFly/libraries/ZigduinoRadio/const.h:196: warning: type of bit-field 'clkm' is a GCC extension
In file included from /Users/imaveek/SensorFly/libraries/ZigduinoRadio/board.h:51,
                 from /Users/imaveek/SensorFly/libraries/ZigduinoRadio/trx_rfa.c:40:
/Users/imaveek/SensorFly/libraries/ZigduinoRadio/const.h:189: warning: type of bit-field 'txp' is a GCC extension
/Users/imaveek/SensorFly/libraries/ZigduinoRadio/const.h:191: warning: type of bit-field 'cca' is a GCC extension
/Users/imaveek/SensorFly/libraries/ZigduinoRadio/const.h:193: warning: type of bit-field 'edt' is a GCC extension
/Users/imaveek/SensorFly/libraries/ZigduinoRadio/const.h:196: warning: type of bit-field 'clkm' is a GCC extension
/Users/imaveek/SensorFly/libraries/ZigduinoRadio/trx_rfa.c: In function 'trx_frame_write':
/Users/imaveek/SensorFly/libraries/ZigduinoRadio/trx_rfa.c:96: warning: pointer of type 'void *' used in arithmetic
Finished building: /Users/imaveek/SensorFly/libraries/zigduino/wiring.c
 
Building file: /Users/imaveek/SensorFly/libraries/zigduino/wiring_analog.c
Invoking: AVR Compiler
avr-gcc -I"/Users/imaveek/SensorFly/libraries/zigduino" -I"/Users/imaveek/SensorFly/libraries/ZigduinoRadio" -I"/Users/imaveek/SensorFly/libraries/ZigduinoRadio/boards" -I"/Users/imaveek/SensorFly/libraries/SPI" -I"/Users/imaveek/SensorFly/libraries/Wire" -I"/Users/imaveek/SensorFly/libraries/I2Cdev" -I"/Users/imaveek/SensorFly/libraries/Timers" -I"/Users/imaveek/SensorFly/libraries/MPU6050" -I"/Users/imaveek/SensorFly/libraries/Wire/utility" -I"/Users/imaveek/SensorFly/libraries/HMC5883L" -Wall -Os -ffunction-sections -fdata-sections -std=gnu99 --pedantic -c -mmcu=atmega128rfa1 -DF_CPU=16000000UL -MMD -MP -MF"libraries/zigduino/wiring_analog.d" -MT"libraries/zigduino/wiring_analog.d" -c -o "libraries/zigduino/wiring_analog.o" "/Users/imaveek/SensorFly/libraries/zigduino/wiring_analog.c"
Finished building: /Users/imaveek/SensorFly/libraries/zigduino/wiring_analog.c
 
Building file: /Users/imaveek/SensorFly/libraries/zigduino/wiring_digital.c
Invoking: AVR Compiler
avr-gcc -I"/Users/imaveek/SensorFly/libraries/zigduino" -I"/Users/imaveek/SensorFly/libraries/ZigduinoRadio" -I"/Users/imaveek/SensorFly/libraries/ZigduinoRadio/boards" -I"/Users/imaveek/SensorFly/libraries/SPI" -I"/Users/imaveek/SensorFly/libraries/Wire" -I"/Users/imaveek/SensorFly/libraries/I2Cdev" -I"/Users/imaveek/SensorFly/libraries/Timers" -I"/Users/imaveek/SensorFly/libraries/MPU6050" -I"/Users/imaveek/SensorFly/libraries/Wire/utility" -I"/Users/imaveek/SensorFly/libraries/HMC5883L" -Wall -Os -ffunction-sections -fdata-sections -std=gnu99 --pedantic -c -mmcu=atmega128rfa1 -DF_CPU=16000000UL -MMD -MP -MF"libraries/zigduino/wiring_digital.d" -MT"libraries/zigduino/wiring_digital.d" -c -o "libraries/zigduino/wiring_digital.o" "/Users/imaveek/SensorFly/libraries/zigduino/wiring_digital.c"
In file included from /Users/imaveek/SensorFly/libraries/SPI/SPI.h:15,
                 from /Users/imaveek/SensorFly/libraries/SPI/SPI.cpp:12:
/Users/imaveek/SensorFly/libraries/zigduino/Arduino.h:191:14: warning: anonymous variadic macros were introduced in C99
In file included from /Users/imaveek/SensorFly/libraries/I2Cdev/I2Cdev.h:68,
                 from /Users/imaveek/SensorFly/libraries/MPU6050/MPU6050.h:40,
                 from /Users/imaveek/SensorFly/libraries/MPU6050/MPU6050.cpp:37:
/Users/imaveek/SensorFly/libraries/zigduino/Arduino.h:191:14: warning: anonymous variadic macros were introduced in C99
/Users/imaveek/SensorFly/libraries/MPU6050/MPU6050.cpp:78:29: warning: binary constants are a GCC extension
/Users/imaveek/SensorFly/libraries/MPU6050/MPU6050.cpp: In member function 'void MPU6050::readMemoryBlock(uint8_t*, uint16_t, uint8_t, uint8_t)':
/Users/imaveek/SensorFly/libraries/MPU6050/MPU6050.cpp:2916: warning: statement has no effect
/Users/imaveek/SensorFly/libraries/MPU6050/MPU6050.cpp: In member function 'bool MPU6050::writeMemoryBlock(uint8_t*, uint16_t, uint8_t, uint8_t, bool, bool)':
/Users/imaveek/SensorFly/libraries/MPU6050/MPU6050.cpp:2993: warning: statement has no effect
/Users/imaveek/SensorFly/libraries/MPU6050/MPU6050.cpp: In member function 'bool MPU6050::writeProgMemoryBlock(uint8_t*, uint16_t, uint8_t, uint8_t, bool)':
/Users/imaveek/SensorFly/libraries/MPU6050/MPU6050.cpp:3008: warning: no return statement in function returning non-void
/Users/imaveek/SensorFly/libraries/MPU6050/MPU6050.cpp:3008: warning: control reaches end of non-void function
/Users/imaveek/SensorFly/libraries/MPU6050/MPU6050.cpp: In member function 'bool MPU6050::writeMemoryBlock(uint8_t*, uint16_t, uint8_t, uint8_t, bool, bool)':
/Users/imaveek/SensorFly/libraries/MPU6050/MPU6050.cpp:2930: warning: 'verifyBuffer' may be used uninitialized in this function
/Users/imaveek/SensorFly/libraries/MPU6050/MPU6050.cpp:2931: warning: 'progBuffer' may be used uninitialized in this function
Finished building: /Users/imaveek/SensorFly/libraries/zigduino/wiring_digital.c
 
Building file: /Users/imaveek/SensorFly/libraries/zigduino/wiring_pulse.c
Invoking: AVR Compiler
avr-gcc -I"/Users/imaveek/SensorFly/libraries/zigduino" -I"/Users/imaveek/SensorFly/libraries/ZigduinoRadio" -I"/Users/imaveek/SensorFly/libraries/ZigduinoRadio/boards" -I"/Users/imaveek/SensorFly/libraries/SPI" -I"/Users/imaveek/SensorFly/libraries/Wire" -I"/Users/imaveek/SensorFly/libraries/I2Cdev" -I"/Users/imaveek/SensorFly/libraries/Timers" -I"/Users/imaveek/SensorFly/libraries/MPU6050" -I"/Users/imaveek/SensorFly/libraries/Wire/utility" -I"/Users/imaveek/SensorFly/libraries/HMC5883L" -Wall -Os -ffunction-sections -fdata-sections -std=gnu99 --pedantic -c -mmcu=atmega128rfa1 -DF_CPU=16000000UL -MMD -MP -MF"libraries/zigduino/wiring_pulse.d" -MT"libraries/zigduino/wiring_pulse.d" -c -o "libraries/zigduino/wiring_pulse.o" "/Users/imaveek/SensorFly/libraries/zigduino/wiring_pulse.c"
In file included from /Users/imaveek/SensorFly/libraries/I2Cdev/I2Cdev.h:68,
                 from /Users/imaveek/SensorFly/libraries/I2Cdev/I2Cdev.cpp:42:
/Users/imaveek/SensorFly/libraries/zigduino/Arduino.h:191:14: warning: anonymous variadic macros were introduced in C99
In file included from /Users/imaveek/SensorFly/libraries/I2Cdev/I2Cdev.h:68,
                 from /Users/imaveek/SensorFly/libraries/HMC5883L/HMC5883L.h:37,
                 from /Users/imaveek/SensorFly/libraries/HMC5883L/HMC5883L.cpp:34:
/Users/imaveek/SensorFly/libraries/zigduino/Arduino.h:191:14: warning: anonymous variadic macros were introduced in C99
In file included from /Users/imaveek/SensorFly/libraries/I2Cdev/I2Cdev.h:68,
                 from /Users/imaveek/SensorFly/libraries/MPU6050/MPU6050.h:40,
                 from /Users/imaveek/SensorFly/libraries/FlightControl/FlightControl.cpp:11:
/Users/imaveek/SensorFly/libraries/zigduino/Arduino.h:191:14: warning: anonymous variadic macros were introduced in C99
/Users/imaveek/SensorFly/libraries/FlightControl/FlightControl.cpp: In member function 'void FlightControl::initialize()':
/Users/imaveek/SensorFly/libraries/FlightControl/FlightControl.cpp:41: error: invalid use of member (did you forget the '&' ?)
make: *** [libraries/FlightControl/FlightControl.o] Error 1
Finished building: /Users/imaveek/SensorFly/libraries/zigduino/wiring_pulse.c
 
Building file: /Users/imaveek/SensorFly/libraries/zigduino/wiring_shift.c
Invoking: AVR Compiler
avr-gcc -I"/Users/imaveek/SensorFly/libraries/zigduino" -I"/Users/imaveek/SensorFly/libraries/ZigduinoRadio" -I"/Users/imaveek/SensorFly/libraries/ZigduinoRadio/boards" -I"/Users/imaveek/SensorFly/libraries/SPI" -I"/Users/imaveek/SensorFly/libraries/Wire" -I"/Users/imaveek/SensorFly/libraries/I2Cdev" -I"/Users/imaveek/SensorFly/libraries/Timers" -I"/Users/imaveek/SensorFly/libraries/MPU6050" -I"/Users/imaveek/SensorFly/libraries/Wire/utility" -I"/Users/imaveek/SensorFly/libraries/HMC5883L" -Wall -Os -ffunction-sections -fdata-sections -std=gnu99 --pedantic -c -mmcu=atmega128rfa1 -DF_CPU=16000000UL -MMD -MP -MF"libraries/zigduino/wiring_shift.d" -MT"libraries/zigduino/wiring_shift.d" -c -o "libraries/zigduino/wiring_shift.o" "/Users/imaveek/SensorFly/libraries/zigduino/wiring_shift.c"
Finished building: /Users/imaveek/SensorFly/libraries/zigduino/wiring_shift.c
 
Building file: /Users/imaveek/SensorFly/libraries/ZigduinoRadio/ZigduinoRadio.cpp
Invoking: AVR C++ Compiler
avr-g++ -I"/Users/imaveek/SensorFly/libraries/zigduino" -I"/Users/imaveek/SensorFly/libraries/SPI" -I"/Users/imaveek/SensorFly/libraries/Wire" -I"/Users/imaveek/SensorFly/libraries/I2Cdev" -I"/Users/imaveek/SensorFly/libraries/MPU6050" -I"/Users/imaveek/SensorFly/libraries/Wire/utility" -I"/Users/imaveek/SensorFly/libraries/ZigduinoRadio" -I"/Users/imaveek/SensorFly/libraries/Timers" -I"/Users/imaveek/SensorFly/libraries/ZigduinoRadio/boards" -I"/Users/imaveek/SensorFly/libraries/HMC5883L" -Wall -Os -ffunction-sections -fdata-sections -funsigned-char -funsigned-bitfields -fno-exceptions --pedantic -c -mmcu=atmega128rfa1 -DF_CPU=16000000UL -MMD -MP -MF"libraries/ZigduinoRadio/ZigduinoRadio.d" -MT"libraries/ZigduinoRadio/ZigduinoRadio.d" -c -o "libraries/ZigduinoRadio/ZigduinoRadio.o" "/Users/imaveek/SensorFly/libraries/ZigduinoRadio/ZigduinoRadio.cpp"
Finished building: /Users/imaveek/SensorFly/libraries/ZigduinoRadio/ZigduinoRadio.cpp
 
Building file: /Users/imaveek/SensorFly/libraries/ZigduinoRadio/ZigduinoRadioEvents.c
Invoking: AVR Compiler
avr-gcc -I"/Users/imaveek/SensorFly/libraries/zigduino" -I"/Users/imaveek/SensorFly/libraries/ZigduinoRadio" -I"/Users/imaveek/SensorFly/libraries/ZigduinoRadio/boards" -I"/Users/imaveek/SensorFly/libraries/SPI" -I"/Users/imaveek/SensorFly/libraries/Wire" -I"/Users/imaveek/SensorFly/libraries/I2Cdev" -I"/Users/imaveek/SensorFly/libraries/Timers" -I"/Users/imaveek/SensorFly/libraries/MPU6050" -I"/Users/imaveek/SensorFly/libraries/Wire/utility" -I"/Users/imaveek/SensorFly/libraries/HMC5883L" -Wall -Os -ffunction-sections -fdata-sections -std=gnu99 --pedantic -c -mmcu=atmega128rfa1 -DF_CPU=16000000UL -MMD -MP -MF"libraries/ZigduinoRadio/ZigduinoRadioEvents.d" -MT"libraries/ZigduinoRadio/ZigduinoRadioEvents.d" -c -o "libraries/ZigduinoRadio/ZigduinoRadioEvents.o" "/Users/imaveek/SensorFly/libraries/ZigduinoRadio/ZigduinoRadioEvents.c"
Finished building: /Users/imaveek/SensorFly/libraries/ZigduinoRadio/ZigduinoRadioEvents.c
 
Building file: /Users/imaveek/SensorFly/libraries/ZigduinoRadio/ZigduinoRadioInC.c
Invoking: AVR Compiler
avr-gcc -I"/Users/imaveek/SensorFly/libraries/zigduino" -I"/Users/imaveek/SensorFly/libraries/ZigduinoRadio" -I"/Users/imaveek/SensorFly/libraries/ZigduinoRadio/boards" -I"/Users/imaveek/SensorFly/libraries/SPI" -I"/Users/imaveek/SensorFly/libraries/Wire" -I"/Users/imaveek/SensorFly/libraries/I2Cdev" -I"/Users/imaveek/SensorFly/libraries/Timers" -I"/Users/imaveek/SensorFly/libraries/MPU6050" -I"/Users/imaveek/SensorFly/libraries/Wire/utility" -I"/Users/imaveek/SensorFly/libraries/HMC5883L" -Wall -Os -ffunction-sections -fdata-sections -std=gnu99 --pedantic -c -mmcu=atmega128rfa1 -DF_CPU=16000000UL -MMD -MP -MF"libraries/ZigduinoRadio/ZigduinoRadioInC.d" -MT"libraries/ZigduinoRadio/ZigduinoRadioInC.d" -c -o "libraries/ZigduinoRadio/ZigduinoRadioInC.o" "/Users/imaveek/SensorFly/libraries/ZigduinoRadio/ZigduinoRadioInC.c"
Finished building: /Users/imaveek/SensorFly/libraries/ZigduinoRadio/ZigduinoRadioInC.c
 
Building file: /Users/imaveek/SensorFly/libraries/ZigduinoRadio/radio_rfa.c
Invoking: AVR Compiler
avr-gcc -I"/Users/imaveek/SensorFly/libraries/zigduino" -I"/Users/imaveek/SensorFly/libraries/ZigduinoRadio" -I"/Users/imaveek/SensorFly/libraries/ZigduinoRadio/boards" -I"/Users/imaveek/SensorFly/libraries/SPI" -I"/Users/imaveek/SensorFly/libraries/Wire" -I"/Users/imaveek/SensorFly/libraries/I2Cdev" -I"/Users/imaveek/SensorFly/libraries/Timers" -I"/Users/imaveek/SensorFly/libraries/MPU6050" -I"/Users/imaveek/SensorFly/libraries/Wire/utility" -I"/Users/imaveek/SensorFly/libraries/HMC5883L" -Wall -Os -ffunction-sections -fdata-sections -std=gnu99 --pedantic -c -mmcu=atmega128rfa1 -DF_CPU=16000000UL -MMD -MP -MF"libraries/ZigduinoRadio/radio_rfa.d" -MT"libraries/ZigduinoRadio/radio_rfa.d" -c -o "libraries/ZigduinoRadio/radio_rfa.o" "/Users/imaveek/SensorFly/libraries/ZigduinoRadio/radio_rfa.c"
Finished building: /Users/imaveek/SensorFly/libraries/ZigduinoRadio/radio_rfa.c
 
Building file: /Users/imaveek/SensorFly/libraries/ZigduinoRadio/trx_datarate.c
Invoking: AVR Compiler
avr-gcc -I"/Users/imaveek/SensorFly/libraries/zigduino" -I"/Users/imaveek/SensorFly/libraries/ZigduinoRadio" -I"/Users/imaveek/SensorFly/libraries/ZigduinoRadio/boards" -I"/Users/imaveek/SensorFly/libraries/SPI" -I"/Users/imaveek/SensorFly/libraries/Wire" -I"/Users/imaveek/SensorFly/libraries/I2Cdev" -I"/Users/imaveek/SensorFly/libraries/Timers" -I"/Users/imaveek/SensorFly/libraries/MPU6050" -I"/Users/imaveek/SensorFly/libraries/Wire/utility" -I"/Users/imaveek/SensorFly/libraries/HMC5883L" -Wall -Os -ffunction-sections -fdata-sections -std=gnu99 --pedantic -c -mmcu=atmega128rfa1 -DF_CPU=16000000UL -MMD -MP -MF"libraries/ZigduinoRadio/trx_datarate.d" -MT"libraries/ZigduinoRadio/trx_datarate.d" -c -o "libraries/ZigduinoRadio/trx_datarate.o" "/Users/imaveek/SensorFly/libraries/ZigduinoRadio/trx_datarate.c"
Finished building: /Users/imaveek/SensorFly/libraries/ZigduinoRadio/trx_datarate.c
 
Building file: /Users/imaveek/SensorFly/libraries/ZigduinoRadio/trx_datarate_str.c
Invoking: AVR Compiler
avr-gcc -I"/Users/imaveek/SensorFly/libraries/zigduino" -I"/Users/imaveek/SensorFly/libraries/ZigduinoRadio" -I"/Users/imaveek/SensorFly/libraries/ZigduinoRadio/boards" -I"/Users/imaveek/SensorFly/libraries/SPI" -I"/Users/imaveek/SensorFly/libraries/Wire" -I"/Users/imaveek/SensorFly/libraries/I2Cdev" -I"/Users/imaveek/SensorFly/libraries/Timers" -I"/Users/imaveek/SensorFly/libraries/MPU6050" -I"/Users/imaveek/SensorFly/libraries/Wire/utility" -I"/Users/imaveek/SensorFly/libraries/HMC5883L" -Wall -Os -ffunction-sections -fdata-sections -std=gnu99 --pedantic -c -mmcu=atmega128rfa1 -DF_CPU=16000000UL -MMD -MP -MF"libraries/ZigduinoRadio/trx_datarate_str.d" -MT"libraries/ZigduinoRadio/trx_datarate_str.d" -c -o "libraries/ZigduinoRadio/trx_datarate_str.o" "/Users/imaveek/SensorFly/libraries/ZigduinoRadio/trx_datarate_str.c"
Finished building: /Users/imaveek/SensorFly/libraries/ZigduinoRadio/trx_datarate_str.c
 
Building file: /Users/imaveek/SensorFly/libraries/ZigduinoRadio/trx_rfa.c
Invoking: AVR Compiler
avr-gcc -I"/Users/imaveek/SensorFly/libraries/zigduino" -I"/Users/imaveek/SensorFly/libraries/ZigduinoRadio" -I"/Users/imaveek/SensorFly/libraries/ZigduinoRadio/boards" -I"/Users/imaveek/SensorFly/libraries/SPI" -I"/Users/imaveek/SensorFly/libraries/Wire" -I"/Users/imaveek/SensorFly/libraries/I2Cdev" -I"/Users/imaveek/SensorFly/libraries/Timers" -I"/Users/imaveek/SensorFly/libraries/MPU6050" -I"/Users/imaveek/SensorFly/libraries/Wire/utility" -I"/Users/imaveek/SensorFly/libraries/HMC5883L" -Wall -Os -ffunction-sections -fdata-sections -std=gnu99 --pedantic -c -mmcu=atmega128rfa1 -DF_CPU=16000000UL -MMD -MP -MF"libraries/ZigduinoRadio/trx_rfa.d" -MT"libraries/ZigduinoRadio/trx_rfa.d" -c -o "libraries/ZigduinoRadio/trx_rfa.o" "/Users/imaveek/SensorFly/libraries/ZigduinoRadio/trx_rfa.c"
Finished building: /Users/imaveek/SensorFly/libraries/ZigduinoRadio/trx_rfa.c
 
Building file: /Users/imaveek/SensorFly/libraries/Wire/utility/twi.c
Invoking: AVR Compiler
avr-gcc -I"/Users/imaveek/SensorFly/libraries/zigduino" -I"/Users/imaveek/SensorFly/libraries/ZigduinoRadio" -I"/Users/imaveek/SensorFly/libraries/ZigduinoRadio/boards" -I"/Users/imaveek/SensorFly/libraries/SPI" -I"/Users/imaveek/SensorFly/libraries/Wire" -I"/Users/imaveek/SensorFly/libraries/I2Cdev" -I"/Users/imaveek/SensorFly/libraries/Timers" -I"/Users/imaveek/SensorFly/libraries/MPU6050" -I"/Users/imaveek/SensorFly/libraries/Wire/utility" -I"/Users/imaveek/SensorFly/libraries/HMC5883L" -Wall -Os -ffunction-sections -fdata-sections -std=gnu99 --pedantic -c -mmcu=atmega128rfa1 -DF_CPU=16000000UL -MMD -MP -MF"libraries/Wire/utility/twi.d" -MT"libraries/Wire/utility/twi.d" -c -o "libraries/Wire/utility/twi.o" "/Users/imaveek/SensorFly/libraries/Wire/utility/twi.c"
Finished building: /Users/imaveek/SensorFly/libraries/Wire/utility/twi.c
 
Building file: /Users/imaveek/SensorFly/libraries/Wire/Wire.cpp
Invoking: AVR C++ Compiler
avr-g++ -I"/Users/imaveek/SensorFly/libraries/zigduino" -I"/Users/imaveek/SensorFly/libraries/SPI" -I"/Users/imaveek/SensorFly/libraries/Wire" -I"/Users/imaveek/SensorFly/libraries/I2Cdev" -I"/Users/imaveek/SensorFly/libraries/MPU6050" -I"/Users/imaveek/SensorFly/libraries/Wire/utility" -I"/Users/imaveek/SensorFly/libraries/ZigduinoRadio" -I"/Users/imaveek/SensorFly/libraries/Timers" -I"/Users/imaveek/SensorFly/libraries/ZigduinoRadio/boards" -I"/Users/imaveek/SensorFly/libraries/HMC5883L" -Wall -Os -ffunction-sections -fdata-sections -funsigned-char -funsigned-bitfields -fno-exceptions --pedantic -c -mmcu=atmega128rfa1 -DF_CPU=16000000UL -MMD -MP -MF"libraries/Wire/Wire.d" -MT"libraries/Wire/Wire.d" -c -o "libraries/Wire/Wire.o" "/Users/imaveek/SensorFly/libraries/Wire/Wire.cpp"
Finished building: /Users/imaveek/SensorFly/libraries/Wire/Wire.cpp
 
Building file: /Users/imaveek/SensorFly/libraries/Timers/TimerOne.cpp
Invoking: AVR C++ Compiler
avr-g++ -I"/Users/imaveek/SensorFly/libraries/zigduino" -I"/Users/imaveek/SensorFly/libraries/SPI" -I"/Users/imaveek/SensorFly/libraries/Wire" -I"/Users/imaveek/SensorFly/libraries/I2Cdev" -I"/Users/imaveek/SensorFly/libraries/MPU6050" -I"/Users/imaveek/SensorFly/libraries/Wire/utility" -I"/Users/imaveek/SensorFly/libraries/ZigduinoRadio" -I"/Users/imaveek/SensorFly/libraries/Timers" -I"/Users/imaveek/SensorFly/libraries/ZigduinoRadio/boards" -I"/Users/imaveek/SensorFly/libraries/HMC5883L" -Wall -Os -ffunction-sections -fdata-sections -funsigned-char -funsigned-bitfields -fno-exceptions --pedantic -c -mmcu=atmega128rfa1 -DF_CPU=16000000UL -MMD -MP -MF"libraries/Timers/TimerOne.d" -MT"libraries/Timers/TimerOne.d" -c -o "libraries/Timers/TimerOne.o" "/Users/imaveek/SensorFly/libraries/Timers/TimerOne.cpp"
Finished building: /Users/imaveek/SensorFly/libraries/Timers/TimerOne.cpp
 
Building file: /Users/imaveek/SensorFly/libraries/Timers/TimerThree.cpp
Invoking: AVR C++ Compiler
avr-g++ -I"/Users/imaveek/SensorFly/libraries/zigduino" -I"/Users/imaveek/SensorFly/libraries/SPI" -I"/Users/imaveek/SensorFly/libraries/Wire" -I"/Users/imaveek/SensorFly/libraries/I2Cdev" -I"/Users/imaveek/SensorFly/libraries/MPU6050" -I"/Users/imaveek/SensorFly/libraries/Wire/utility" -I"/Users/imaveek/SensorFly/libraries/ZigduinoRadio" -I"/Users/imaveek/SensorFly/libraries/Timers" -I"/Users/imaveek/SensorFly/libraries/ZigduinoRadio/boards" -I"/Users/imaveek/SensorFly/libraries/HMC5883L" -Wall -Os -ffunction-sections -fdata-sections -funsigned-char -funsigned-bitfields -fno-exceptions --pedantic -c -mmcu=atmega128rfa1 -DF_CPU=16000000UL -MMD -MP -MF"libraries/Timers/TimerThree.d" -MT"libraries/Timers/TimerThree.d" -c -o "libraries/Timers/TimerThree.o" "/Users/imaveek/SensorFly/libraries/Timers/TimerThree.cpp"
Finished building: /Users/imaveek/SensorFly/libraries/Timers/TimerThree.cpp
 
Building file: /Users/imaveek/SensorFly/libraries/SPI/SPI.cpp
Invoking: AVR C++ Compiler
avr-g++ -I"/Users/imaveek/SensorFly/libraries/zigduino" -I"/Users/imaveek/SensorFly/libraries/SPI" -I"/Users/imaveek/SensorFly/libraries/Wire" -I"/Users/imaveek/SensorFly/libraries/I2Cdev" -I"/Users/imaveek/SensorFly/libraries/MPU6050" -I"/Users/imaveek/SensorFly/libraries/Wire/utility" -I"/Users/imaveek/SensorFly/libraries/ZigduinoRadio" -I"/Users/imaveek/SensorFly/libraries/Timers" -I"/Users/imaveek/SensorFly/libraries/ZigduinoRadio/boards" -I"/Users/imaveek/SensorFly/libraries/HMC5883L" -Wall -Os -ffunction-sections -fdata-sections -funsigned-char -funsigned-bitfields -fno-exceptions --pedantic -c -mmcu=atmega128rfa1 -DF_CPU=16000000UL -MMD -MP -MF"libraries/SPI/SPI.d" -MT"libraries/SPI/SPI.d" -c -o "libraries/SPI/SPI.o" "/Users/imaveek/SensorFly/libraries/SPI/SPI.cpp"
Finished building: /Users/imaveek/SensorFly/libraries/SPI/SPI.cpp
 
Building file: /Users/imaveek/SensorFly/libraries/MPU6050/MPU6050.cpp
Invoking: AVR C++ Compiler
avr-g++ -I"/Users/imaveek/SensorFly/libraries/zigduino" -I"/Users/imaveek/SensorFly/libraries/SPI" -I"/Users/imaveek/SensorFly/libraries/Wire" -I"/Users/imaveek/SensorFly/libraries/I2Cdev" -I"/Users/imaveek/SensorFly/libraries/MPU6050" -I"/Users/imaveek/SensorFly/libraries/Wire/utility" -I"/Users/imaveek/SensorFly/libraries/ZigduinoRadio" -I"/Users/imaveek/SensorFly/libraries/Timers" -I"/Users/imaveek/SensorFly/libraries/ZigduinoRadio/boards" -I"/Users/imaveek/SensorFly/libraries/HMC5883L" -Wall -Os -ffunction-sections -fdata-sections -funsigned-char -funsigned-bitfields -fno-exceptions --pedantic -c -mmcu=atmega128rfa1 -DF_CPU=16000000UL -MMD -MP -MF"libraries/MPU6050/MPU6050.d" -MT"libraries/MPU6050/MPU6050.d" -c -o "libraries/MPU6050/MPU6050.o" "/Users/imaveek/SensorFly/libraries/MPU6050/MPU6050.cpp"
Finished building: /Users/imaveek/SensorFly/libraries/MPU6050/MPU6050.cpp
 
Building file: /Users/imaveek/SensorFly/libraries/LowPassFilter/LowPassFilter.cpp
Invoking: AVR C++ Compiler
avr-g++ -I"/Users/imaveek/SensorFly/libraries/zigduino" -I"/Users/imaveek/SensorFly/libraries/SPI" -I"/Users/imaveek/SensorFly/libraries/Wire" -I"/Users/imaveek/SensorFly/libraries/I2Cdev" -I"/Users/imaveek/SensorFly/libraries/MPU6050" -I"/Users/imaveek/SensorFly/libraries/Wire/utility" -I"/Users/imaveek/SensorFly/libraries/ZigduinoRadio" -I"/Users/imaveek/SensorFly/libraries/Timers" -I"/Users/imaveek/SensorFly/libraries/ZigduinoRadio/boards" -I"/Users/imaveek/SensorFly/libraries/HMC5883L" -Wall -Os -ffunction-sections -fdata-sections -funsigned-char -funsigned-bitfields -fno-exceptions --pedantic -c -mmcu=atmega128rfa1 -DF_CPU=16000000UL -MMD -MP -MF"libraries/LowPassFilter/LowPassFilter.d" -MT"libraries/LowPassFilter/LowPassFilter.d" -c -o "libraries/LowPassFilter/LowPassFilter.o" "/Users/imaveek/SensorFly/libraries/LowPassFilter/LowPassFilter.cpp"
Finished building: /Users/imaveek/SensorFly/libraries/LowPassFilter/LowPassFilter.cpp
 
Building file: /Users/imaveek/SensorFly/libraries/I2Cdev/I2Cdev.cpp
Invoking: AVR C++ Compiler
avr-g++ -I"/Users/imaveek/SensorFly/libraries/zigduino" -I"/Users/imaveek/SensorFly/libraries/SPI" -I"/Users/imaveek/SensorFly/libraries/Wire" -I"/Users/imaveek/SensorFly/libraries/I2Cdev" -I"/Users/imaveek/SensorFly/libraries/MPU6050" -I"/Users/imaveek/SensorFly/libraries/Wire/utility" -I"/Users/imaveek/SensorFly/libraries/ZigduinoRadio" -I"/Users/imaveek/SensorFly/libraries/Timers" -I"/Users/imaveek/SensorFly/libraries/ZigduinoRadio/boards" -I"/Users/imaveek/SensorFly/libraries/HMC5883L" -Wall -Os -ffunction-sections -fdata-sections -funsigned-char -funsigned-bitfields -fno-exceptions --pedantic -c -mmcu=atmega128rfa1 -DF_CPU=16000000UL -MMD -MP -MF"libraries/I2Cdev/I2Cdev.d" -MT"libraries/I2Cdev/I2Cdev.d" -c -o "libraries/I2Cdev/I2Cdev.o" "/Users/imaveek/SensorFly/libraries/I2Cdev/I2Cdev.cpp"
Finished building: /Users/imaveek/SensorFly/libraries/I2Cdev/I2Cdev.cpp
 
Building file: /Users/imaveek/SensorFly/libraries/HMC5883L/HMC5883L.cpp
Invoking: AVR C++ Compiler
avr-g++ -I"/Users/imaveek/SensorFly/libraries/zigduino" -I"/Users/imaveek/SensorFly/libraries/SPI" -I"/Users/imaveek/SensorFly/libraries/Wire" -I"/Users/imaveek/SensorFly/libraries/I2Cdev" -I"/Users/imaveek/SensorFly/libraries/MPU6050" -I"/Users/imaveek/SensorFly/libraries/Wire/utility" -I"/Users/imaveek/SensorFly/libraries/ZigduinoRadio" -I"/Users/imaveek/SensorFly/libraries/Timers" -I"/Users/imaveek/SensorFly/libraries/ZigduinoRadio/boards" -I"/Users/imaveek/SensorFly/libraries/HMC5883L" -Wall -Os -ffunction-sections -fdata-sections -funsigned-char -funsigned-bitfields -fno-exceptions --pedantic -c -mmcu=atmega128rfa1 -DF_CPU=16000000UL -MMD -MP -MF"libraries/HMC5883L/HMC5883L.d" -MT"libraries/HMC5883L/HMC5883L.d" -c -o "libraries/HMC5883L/HMC5883L.o" "/Users/imaveek/SensorFly/libraries/HMC5883L/HMC5883L.cpp"
Finished building: /Users/imaveek/SensorFly/libraries/HMC5883L/HMC5883L.cpp
 
Building file: /Users/imaveek/SensorFly/libraries/FlightControl/FlightControl.cpp
Invoking: AVR C++ Compiler
avr-g++ -I"/Users/imaveek/SensorFly/libraries/zigduino" -I"/Users/imaveek/SensorFly/libraries/SPI" -I"/Users/imaveek/SensorFly/libraries/Wire" -I"/Users/imaveek/SensorFly/libraries/I2Cdev" -I"/Users/imaveek/SensorFly/libraries/MPU6050" -I"/Users/imaveek/SensorFly/libraries/Wire/utility" -I"/Users/imaveek/SensorFly/libraries/ZigduinoRadio" -I"/Users/imaveek/SensorFly/libraries/Timers" -I"/Users/imaveek/SensorFly/libraries/ZigduinoRadio/boards" -I"/Users/imaveek/SensorFly/libraries/HMC5883L" -Wall -Os -ffunction-sections -fdata-sections -funsigned-char -funsigned-bitfields -fno-exceptions --pedantic -c -mmcu=atmega128rfa1 -DF_CPU=16000000UL -MMD -MP -MF"libraries/FlightControl/FlightControl.d" -MT"libraries/FlightControl/FlightControl.d" -c -o "libraries/FlightControl/FlightControl.o" "/Users/imaveek/SensorFly/libraries/FlightControl/FlightControl.cpp"

**** Build Finished ****
